# Logfile created on 2015-03-12 11:59:42 +0530 by logger.rb/44203
I [2015-03-12 11:59:42.785] [[32mConnectionManager[0m] Connection opened: #<Connection::d74f6995761dc39564ea>
I [2015-03-12 11:59:42.786] [[32mDispatcher[0m] Started Event: client_connected
I [2015-03-12 11:59:42.786] [[32mDispatcher[0m] [36mName:[0m client_connected
I [2015-03-12 11:59:42.786] [[32mDispatcher[0m] [36mData:[0m {"connection_id"=>"d74f6995761dc39564ea"}
I [2015-03-12 11:59:42.786] [[32mDispatcher[0m] [36mConnection:[0m #<Connection::d74f6995761dc39564ea>
I [2015-03-12 11:59:42.787] [[32mDispatcher[0m] Event client_connected Finished in 0.000657 seconds
I [2015-03-12 11:59:42.790] [[32mDispatcher[0m] Started Event: new_user
I [2015-03-12 11:59:42.790] [[32mDispatcher[0m] [36mName:[0m new_user
I [2015-03-12 11:59:42.790] [[32mDispatcher[0m] [36mData:[0m {"user_name"=>"Guest_617"}
I [2015-03-12 11:59:42.790] [[32mDispatcher[0m] [36mConnection:[0m #<Connection::d74f6995761dc39564ea>
I [2015-03-12 11:59:42.794] [[32mDispatcher[0m] Event new_user Finished in 0.003868 seconds
I [2015-03-12 12:00:32.698] [[32mConnectionManager[0m] Connection closed: #<Connection::d74f6995761dc39564ea>
I [2015-03-12 12:00:32.698] [[32mDispatcher[0m] Started Event: client_disconnected
I [2015-03-12 12:00:32.698] [[32mDispatcher[0m] [36mName:[0m client_disconnected
I [2015-03-12 12:00:32.698] [[32mDispatcher[0m] [36mConnection:[0m #<Connection::d74f6995761dc39564ea>
E [2015-03-12 12:00:32.699] [[31mDispatcher[0m] ArgumentError: wrong number of arguments (1 for 2)
E [2015-03-12 12:00:32.699] [[31mDispatcher[0m] /Users/vinsol/Desktop/Files From Previous Laptop/projects/depo/app/controllers/chat_controller.rb:9:in `system_msg'
E [2015-03-12 12:00:32.699] [[31mDispatcher[0m] /Users/vinsol/Desktop/Files From Previous Laptop/projects/depo/app/controllers/chat_controller.rb:45:in `delete_user'
E [2015-03-12 12:00:32.699] [[31mDispatcher[0m] /Users/vinsol/.rvm/gems/ruby-2.1.3/gems/websocket-rails-0.7.0/lib/websocket_rails/base_controller.rb:27:in `process_action'
E [2015-03-12 12:00:32.699] [[31mDispatcher[0m] /Users/vinsol/.rvm/gems/ruby-2.1.3@global/gems/actionpack-4.1.8/lib/abstract_controller/callbacks.rb:20:in `block in process_action'
E [2015-03-12 12:00:32.699] [[31mDispatcher[0m] /Users/vinsol/.rvm/gems/ruby-2.1.3@global/gems/activesupport-4.1.8/lib/active_support/callbacks.rb:82:in `run_callbacks'
E [2015-03-12 12:00:32.699] [[31mDispatcher[0m] /Users/vinsol/.rvm/gems/ruby-2.1.3@global/gems/actionpack-4.1.8/lib/abstract_controller/callbacks.rb:19:in `process_action'
E [2015-03-12 12:00:32.699] [[31mDispatcher[0m] /Users/vinsol/.rvm/gems/ruby-2.1.3/gems/websocket-rails-0.7.0/lib/websocket_rails/dispatcher.rb:65:in `block (3 levels) in route'
E [2015-03-12 12:00:32.699] [[31mDispatcher[0m] /Users/vinsol/.rvm/gems/ruby-2.1.3/gems/websocket-rails-0.7.0/lib/websocket_rails/logging.rb:66:in `call'
E [2015-03-12 12:00:32.699] [[31mDispatcher[0m] /Users/vinsol/.rvm/gems/ruby-2.1.3/gems/websocket-rails-0.7.0/lib/websocket_rails/logging.rb:66:in `log_event'
E [2015-03-12 12:00:32.699] [[31mDispatcher[0m] /Users/vinsol/.rvm/gems/ruby-2.1.3/gems/websocket-rails-0.7.0/lib/websocket_rails/dispatcher.rb:62:in `block (2 levels) in route'

I [2015-03-12 12:00:34.297] [[32mConnectionManager[0m] Connection opened: #<Connection::95dc981780903e96baaf>
I [2015-03-12 12:00:34.298] [[32mDispatcher[0m] Started Event: client_connected
I [2015-03-12 12:00:34.298] [[32mDispatcher[0m] [36mName:[0m client_connected
I [2015-03-12 12:00:34.298] [[32mDispatcher[0m] [36mData:[0m {"connection_id"=>"95dc981780903e96baaf"}
I [2015-03-12 12:00:34.298] [[32mDispatcher[0m] [36mConnection:[0m #<Connection::95dc981780903e96baaf>
I [2015-03-12 12:00:34.299] [[32mDispatcher[0m] Event client_connected Finished in 0.000937 seconds
I [2015-03-12 12:00:34.301] [[32mDispatcher[0m] Started Event: new_user
I [2015-03-12 12:00:34.301] [[32mDispatcher[0m] [36mName:[0m new_user
I [2015-03-12 12:00:34.301] [[32mDispatcher[0m] [36mData:[0m {"user_name"=>"Guest_265"}
I [2015-03-12 12:00:34.301] [[32mDispatcher[0m] [36mConnection:[0m #<Connection::95dc981780903e96baaf>
I [2015-03-12 12:00:34.302] [[32mDispatcher[0m] Event new_user Finished in 0.001017 seconds
I [2015-03-12 12:00:39.894] [[32mDispatcher[0m] Started Event: new_message
I [2015-03-12 12:00:39.894] [[32mDispatcher[0m] [36mName:[0m new_message
I [2015-03-12 12:00:39.894] [[32mDispatcher[0m] [36mData:[0m {"user_name"=>"Guest_265", "msg_body"=>"hey"}
I [2015-03-12 12:00:39.894] [[32mDispatcher[0m] [36mConnection:[0m #<Connection::95dc981780903e96baaf>
I [2015-03-12 12:00:39.894] [[32mDispatcher[0m] Event new_message Finished in 0.000778 seconds
I [2015-03-12 12:00:46.201] [[32mDispatcher[0m] Started Event: new_message
I [2015-03-12 12:00:46.202] [[32mDispatcher[0m] [36mName:[0m new_message
I [2015-03-12 12:00:46.202] [[32mDispatcher[0m] [36mData:[0m {"user_name"=>"Guest_265", "msg_body"=>"hi"}
I [2015-03-12 12:00:46.203] [[32mDispatcher[0m] [36mConnection:[0m #<Connection::95dc981780903e96baaf>
I [2015-03-12 12:00:46.214] [[32mDispatcher[0m] Event new_message Finished in 0.00103 seconds
I [2015-03-12 12:00:48.907] [[32mDispatcher[0m] Started Event: new_message
I [2015-03-12 12:00:48.907] [[32mDispatcher[0m] [36mName:[0m new_message
I [2015-03-12 12:00:48.907] [[32mDispatcher[0m] [36mData:[0m {"user_name"=>"Guest_265", "msg_body"=>"what su"}
I [2015-03-12 12:00:48.907] [[32mDispatcher[0m] [36mConnection:[0m #<Connection::95dc981780903e96baaf>
I [2015-03-12 12:00:48.909] [[32mDispatcher[0m] Event new_message Finished in 0.001041 seconds
I [2015-03-12 12:00:51.276] [[32mDispatcher[0m] Started Event: new_message
I [2015-03-12 12:00:51.276] [[32mDispatcher[0m] [36mName:[0m new_message
I [2015-03-12 12:00:51.277] [[32mDispatcher[0m] [36mData:[0m {"user_name"=>"Guest_265", "msg_body"=>"mef"}
I [2015-03-12 12:00:51.277] [[32mDispatcher[0m] [36mConnection:[0m #<Connection::95dc981780903e96baaf>
I [2015-03-12 12:00:51.287] [[32mDispatcher[0m] Event new_message Finished in 0.00092 seconds
I [2015-03-12 12:00:52.329] [[32mDispatcher[0m] Started Event: new_message
I [2015-03-12 12:00:52.335] [[32mDispatcher[0m] [36mName:[0m new_message
I [2015-03-12 12:00:52.345] [[32mDispatcher[0m] [36mData:[0m {"user_name"=>"Guest_265", "msg_body"=>"fwf"}
I [2015-03-12 12:00:52.349] [[32mDispatcher[0m] [36mConnection:[0m #<Connection::95dc981780903e96baaf>
I [2015-03-12 12:00:52.435] [[32mDispatcher[0m] Event new_message Finished in 0.00079 seconds
I [2015-03-12 12:00:52.723] [[32mDispatcher[0m] Started Event: new_message
I [2015-03-12 12:00:52.723] [[32mDispatcher[0m] [36mName:[0m new_message
I [2015-03-12 12:00:52.723] [[32mDispatcher[0m] [36mData:[0m {"user_name"=>"Guest_265", "msg_body"=>"wfwef"}
I [2015-03-12 12:00:52.723] [[32mDispatcher[0m] [36mConnection:[0m #<Connection::95dc981780903e96baaf>
I [2015-03-12 12:00:52.724] [[32mDispatcher[0m] Event new_message Finished in 0.000874 seconds
I [2015-03-12 12:00:53.483] [[32mDispatcher[0m] Started Event: new_message
I [2015-03-12 12:00:53.483] [[32mDispatcher[0m] [36mName:[0m new_message
I [2015-03-12 12:00:53.483] [[32mDispatcher[0m] [36mData:[0m {"user_name"=>"Guest_265", "msg_body"=>"wefewf"}
I [2015-03-12 12:00:53.483] [[32mDispatcher[0m] [36mConnection:[0m #<Connection::95dc981780903e96baaf>
I [2015-03-12 12:00:53.484] [[32mDispatcher[0m] Event new_message Finished in 0.000823 seconds
I [2015-03-12 12:00:54.195] [[32mDispatcher[0m] Started Event: new_message
I [2015-03-12 12:00:54.195] [[32mDispatcher[0m] [36mName:[0m new_message
I [2015-03-12 12:00:54.195] [[32mDispatcher[0m] [36mData:[0m {"user_name"=>"Guest_265", "msg_body"=>"fwef"}
I [2015-03-12 12:00:54.195] [[32mDispatcher[0m] [36mConnection:[0m #<Connection::95dc981780903e96baaf>
I [2015-03-12 12:00:54.196] [[32mDispatcher[0m] Event new_message Finished in 0.000937 seconds
I [2015-03-12 12:00:54.859] [[32mDispatcher[0m] Started Event: new_message
I [2015-03-12 12:00:54.859] [[32mDispatcher[0m] [36mName:[0m new_message
I [2015-03-12 12:00:54.859] [[32mDispatcher[0m] [36mData:[0m {"user_name"=>"Guest_265", "msg_body"=>"wefwef"}
I [2015-03-12 12:00:54.859] [[32mDispatcher[0m] [36mConnection:[0m #<Connection::95dc981780903e96baaf>
I [2015-03-12 12:00:54.860] [[32mDispatcher[0m] Event new_message Finished in 0.000917 seconds
I [2015-03-12 12:00:55.483] [[32mDispatcher[0m] Started Event: new_message
I [2015-03-12 12:00:55.483] [[32mDispatcher[0m] [36mName:[0m new_message
I [2015-03-12 12:00:55.483] [[32mDispatcher[0m] [36mData:[0m {"user_name"=>"Guest_265", "msg_body"=>"wefwef"}
I [2015-03-12 12:00:55.483] [[32mDispatcher[0m] [36mConnection:[0m #<Connection::95dc981780903e96baaf>
I [2015-03-12 12:00:55.484] [[32mDispatcher[0m] Event new_message Finished in 0.00087 seconds
I [2015-03-12 12:00:56.996] [[32mDispatcher[0m] Started Event: new_message
I [2015-03-12 12:00:56.996] [[32mDispatcher[0m] [36mName:[0m new_message
I [2015-03-12 12:00:56.997] [[32mDispatcher[0m] [36mData:[0m {"user_name"=>"Guest_265", "msg_body"=>"wefwef"}
I [2015-03-12 12:00:56.998] [[32mDispatcher[0m] [36mConnection:[0m #<Connection::95dc981780903e96baaf>
I [2015-03-12 12:00:56.100] [[32mDispatcher[0m] Event new_message Finished in 0.001025 seconds
I [2015-03-12 12:00:56.707] [[32mDispatcher[0m] Started Event: new_message
I [2015-03-12 12:00:56.707] [[32mDispatcher[0m] [36mName:[0m new_message
I [2015-03-12 12:00:56.707] [[32mDispatcher[0m] [36mData:[0m {"user_name"=>"Guest_265", "msg_body"=>"wefwef"}
I [2015-03-12 12:00:56.707] [[32mDispatcher[0m] [36mConnection:[0m #<Connection::95dc981780903e96baaf>
I [2015-03-12 12:00:56.708] [[32mDispatcher[0m] Event new_message Finished in 0.000968 seconds
I [2015-03-12 12:00:57.235] [[32mDispatcher[0m] Started Event: new_message
I [2015-03-12 12:00:57.235] [[32mDispatcher[0m] [36mName:[0m new_message
I [2015-03-12 12:00:57.235] [[32mDispatcher[0m] [36mData:[0m {"user_name"=>"Guest_265", "msg_body"=>"wefwef"}
I [2015-03-12 12:00:57.235] [[32mDispatcher[0m] [36mConnection:[0m #<Connection::95dc981780903e96baaf>
I [2015-03-12 12:00:57.236] [[32mDispatcher[0m] Event new_message Finished in 0.000898 seconds
I [2015-03-12 12:00:57.547] [[32mDispatcher[0m] Started Event: new_message
I [2015-03-12 12:00:57.547] [[32mDispatcher[0m] [36mName:[0m new_message
I [2015-03-12 12:00:57.547] [[32mDispatcher[0m] [36mData:[0m {"user_name"=>"Guest_265", "msg_body"=>"wef"}
I [2015-03-12 12:00:57.547] [[32mDispatcher[0m] [36mConnection:[0m #<Connection::95dc981780903e96baaf>
I [2015-03-12 12:00:57.548] [[32mDispatcher[0m] Event new_message Finished in 0.001048 seconds
I [2015-03-12 12:00:57.763] [[32mDispatcher[0m] Started Event: new_message
I [2015-03-12 12:00:57.763] [[32mDispatcher[0m] [36mName:[0m new_message
I [2015-03-12 12:00:57.763] [[32mDispatcher[0m] [36mData:[0m {"user_name"=>"Guest_265", "msg_body"=>"wef"}
I [2015-03-12 12:00:57.763] [[32mDispatcher[0m] [36mConnection:[0m #<Connection::95dc981780903e96baaf>
I [2015-03-12 12:00:57.765] [[32mDispatcher[0m] Event new_message Finished in 0.001039 seconds
I [2015-03-12 12:00:58.340] [[32mDispatcher[0m] Started Event: new_message
I [2015-03-12 12:00:58.345] [[32mDispatcher[0m] [36mName:[0m new_message
I [2015-03-12 12:00:58.347] [[32mDispatcher[0m] [36mData:[0m {"user_name"=>"Guest_265", "msg_body"=>"we"}
I [2015-03-12 12:00:58.348] [[32mDispatcher[0m] [36mConnection:[0m #<Connection::95dc981780903e96baaf>
I [2015-03-12 12:00:58.415] [[32mDispatcher[0m] Event new_message Finished in 0.000616 seconds
I [2015-03-12 12:00:58.138] [[32mDispatcher[0m] Started Event: new_message
I [2015-03-12 12:00:58.138] [[32mDispatcher[0m] [36mName:[0m new_message
I [2015-03-12 12:00:58.138] [[32mDispatcher[0m] [36mData:[0m {"user_name"=>"Guest_265", "msg_body"=>"fwe"}
I [2015-03-12 12:00:58.138] [[32mDispatcher[0m] [36mConnection:[0m #<Connection::95dc981780903e96baaf>
I [2015-03-12 12:00:58.139] [[32mDispatcher[0m] Event new_message Finished in 0.000645 seconds
I [2015-03-12 12:00:58.323] [[32mDispatcher[0m] Started Event: new_message
I [2015-03-12 12:00:58.323] [[32mDispatcher[0m] [36mName:[0m new_message
I [2015-03-12 12:00:58.323] [[32mDispatcher[0m] [36mData:[0m {"user_name"=>"Guest_265", "msg_body"=>"f"}
I [2015-03-12 12:00:58.323] [[32mDispatcher[0m] [36mConnection:[0m #<Connection::95dc981780903e96baaf>
I [2015-03-12 12:00:58.324] [[32mDispatcher[0m] Event new_message Finished in 0.000982 seconds
I [2015-03-12 12:00:58.483] [[32mDispatcher[0m] Started Event: new_message
I [2015-03-12 12:00:58.483] [[32mDispatcher[0m] [36mName:[0m new_message
I [2015-03-12 12:00:58.483] [[32mDispatcher[0m] [36mData:[0m {"user_name"=>"Guest_265", "msg_body"=>"we"}
I [2015-03-12 12:00:58.483] [[32mDispatcher[0m] [36mConnection:[0m #<Connection::95dc981780903e96baaf>
I [2015-03-12 12:00:58.484] [[32mDispatcher[0m] Event new_message Finished in 0.001059 seconds
I [2015-03-12 12:00:58.651] [[32mDispatcher[0m] Started Event: new_message
I [2015-03-12 12:00:58.651] [[32mDispatcher[0m] [36mName:[0m new_message
I [2015-03-12 12:00:58.651] [[32mDispatcher[0m] [36mData:[0m {"user_name"=>"Guest_265", "msg_body"=>"f"}
I [2015-03-12 12:00:58.651] [[32mDispatcher[0m] [36mConnection:[0m #<Connection::95dc981780903e96baaf>
I [2015-03-12 12:00:58.652] [[32mDispatcher[0m] Event new_message Finished in 0.000997 seconds
I [2015-03-12 12:00:58.819] [[32mDispatcher[0m] Started Event: new_message
I [2015-03-12 12:00:58.819] [[32mDispatcher[0m] [36mName:[0m new_message
I [2015-03-12 12:00:58.819] [[32mDispatcher[0m] [36mData:[0m {"user_name"=>"Guest_265", "msg_body"=>"wef"}
I [2015-03-12 12:00:58.819] [[32mDispatcher[0m] [36mConnection:[0m #<Connection::95dc981780903e96baaf>
I [2015-03-12 12:00:58.820] [[32mDispatcher[0m] Event new_message Finished in 0.000846 seconds
I [2015-03-12 12:00:58.963] [[32mDispatcher[0m] Started Event: new_message
I [2015-03-12 12:00:58.963] [[32mDispatcher[0m] [36mName:[0m new_message
I [2015-03-12 12:00:58.963] [[32mDispatcher[0m] [36mData:[0m {"user_name"=>"Guest_265", "msg_body"=>"ew"}
I [2015-03-12 12:00:58.963] [[32mDispatcher[0m] [36mConnection:[0m #<Connection::95dc981780903e96baaf>
I [2015-03-12 12:00:58.964] [[32mDispatcher[0m] Event new_message Finished in 0.000814 seconds
I [2015-03-12 12:00:59.115] [[32mDispatcher[0m] Started Event: new_message
I [2015-03-12 12:00:59.115] [[32mDispatcher[0m] [36mName:[0m new_message
I [2015-03-12 12:00:59.115] [[32mDispatcher[0m] [36mData:[0m {"user_name"=>"Guest_265", "msg_body"=>"f"}
I [2015-03-12 12:00:59.115] [[32mDispatcher[0m] [36mConnection:[0m #<Connection::95dc981780903e96baaf>
I [2015-03-12 12:00:59.116] [[32mDispatcher[0m] Event new_message Finished in 0.000998 seconds
I [2015-03-12 12:00:59.283] [[32mDispatcher[0m] Started Event: new_message
I [2015-03-12 12:00:59.283] [[32mDispatcher[0m] [36mName:[0m new_message
I [2015-03-12 12:00:59.283] [[32mDispatcher[0m] [36mData:[0m {"user_name"=>"Guest_265", "msg_body"=>"we"}
I [2015-03-12 12:00:59.283] [[32mDispatcher[0m] [36mConnection:[0m #<Connection::95dc981780903e96baaf>
I [2015-03-12 12:00:59.284] [[32mDispatcher[0m] Event new_message Finished in 0.000953 seconds
I [2015-03-12 12:00:59.451] [[32mDispatcher[0m] Started Event: new_message
I [2015-03-12 12:00:59.451] [[32mDispatcher[0m] [36mName:[0m new_message
I [2015-03-12 12:00:59.451] [[32mDispatcher[0m] [36mData:[0m {"user_name"=>"Guest_265", "msg_body"=>"f"}
I [2015-03-12 12:00:59.451] [[32mDispatcher[0m] [36mConnection:[0m #<Connection::95dc981780903e96baaf>
I [2015-03-12 12:00:59.452] [[32mDispatcher[0m] Event new_message Finished in 0.000823 seconds
I [2015-03-12 12:00:59.619] [[32mDispatcher[0m] Started Event: new_message
I [2015-03-12 12:00:59.619] [[32mDispatcher[0m] [36mName:[0m new_message
I [2015-03-12 12:00:59.619] [[32mDispatcher[0m] [36mData:[0m {"user_name"=>"Guest_265", "msg_body"=>"ewf"}
I [2015-03-12 12:00:59.619] [[32mDispatcher[0m] [36mConnection:[0m #<Connection::95dc981780903e96baaf>
I [2015-03-12 12:00:59.620] [[32mDispatcher[0m] Event new_message Finished in 0.000741 seconds
I [2015-03-12 12:00:59.778] [[32mDispatcher[0m] Started Event: new_message
I [2015-03-12 12:00:59.778] [[32mDispatcher[0m] [36mName:[0m new_message
I [2015-03-12 12:00:59.779] [[32mDispatcher[0m] [36mData:[0m {"user_name"=>"Guest_265", "msg_body"=>"we"}
I [2015-03-12 12:00:59.779] [[32mDispatcher[0m] [36mConnection:[0m #<Connection::95dc981780903e96baaf>
I [2015-03-12 12:00:59.779] [[32mDispatcher[0m] Event new_message Finished in 0.000713 seconds
I [2015-03-12 12:00:59.931] [[32mDispatcher[0m] Started Event: new_message
I [2015-03-12 12:00:59.931] [[32mDispatcher[0m] [36mName:[0m new_message
I [2015-03-12 12:00:59.931] [[32mDispatcher[0m] [36mData:[0m {"user_name"=>"Guest_265", "msg_body"=>"f"}
I [2015-03-12 12:00:59.931] [[32mDispatcher[0m] [36mConnection:[0m #<Connection::95dc981780903e96baaf>
I [2015-03-12 12:00:59.932] [[32mDispatcher[0m] Event new_message Finished in 0.001075 seconds
I [2015-03-12 12:01:00.124] [[32mDispatcher[0m] Started Event: new_message
I [2015-03-12 12:01:00.124] [[32mDispatcher[0m] [36mName:[0m new_message
I [2015-03-12 12:01:00.124] [[32mDispatcher[0m] [36mData:[0m {"user_name"=>"Guest_265", "msg_body"=>"wef"}
I [2015-03-12 12:01:00.124] [[32mDispatcher[0m] [36mConnection:[0m #<Connection::95dc981780903e96baaf>
I [2015-03-12 12:01:00.125] [[32mDispatcher[0m] Event new_message Finished in 0.000741 seconds
I [2015-03-12 12:01:00.302] [[32mDispatcher[0m] Started Event: new_message
I [2015-03-12 12:01:00.302] [[32mDispatcher[0m] [36mName:[0m new_message
I [2015-03-12 12:01:00.302] [[32mDispatcher[0m] [36mData:[0m {"user_name"=>"Guest_265", "msg_body"=>"we"}
I [2015-03-12 12:01:00.302] [[32mDispatcher[0m] [36mConnection:[0m #<Connection::95dc981780903e96baaf>
I [2015-03-12 12:01:00.303] [[32mDispatcher[0m] Event new_message Finished in 0.00076 seconds
I [2015-03-12 12:01:00.474] [[32mDispatcher[0m] Started Event: new_message
I [2015-03-12 12:01:00.474] [[32mDispatcher[0m] [36mName:[0m new_message
I [2015-03-12 12:01:00.474] [[32mDispatcher[0m] [36mData:[0m {"user_name"=>"Guest_265", "msg_body"=>"f"}
I [2015-03-12 12:01:00.474] [[32mDispatcher[0m] [36mConnection:[0m #<Connection::95dc981780903e96baaf>
I [2015-03-12 12:01:00.475] [[32mDispatcher[0m] Event new_message Finished in 0.000696 seconds
I [2015-03-12 12:01:00.642] [[32mDispatcher[0m] Started Event: new_message
I [2015-03-12 12:01:00.642] [[32mDispatcher[0m] [36mName:[0m new_message
I [2015-03-12 12:01:00.642] [[32mDispatcher[0m] [36mData:[0m {"user_name"=>"Guest_265", "msg_body"=>"wef"}
I [2015-03-12 12:01:00.642] [[32mDispatcher[0m] [36mConnection:[0m #<Connection::95dc981780903e96baaf>
I [2015-03-12 12:01:00.643] [[32mDispatcher[0m] Event new_message Finished in 0.000649 seconds
I [2015-03-12 12:01:00.826] [[32mDispatcher[0m] Started Event: new_message
I [2015-03-12 12:01:00.826] [[32mDispatcher[0m] [36mName:[0m new_message
I [2015-03-12 12:01:00.826] [[32mDispatcher[0m] [36mData:[0m {"user_name"=>"Guest_265", "msg_body"=>"we"}
I [2015-03-12 12:01:00.827] [[32mDispatcher[0m] [36mConnection:[0m #<Connection::95dc981780903e96baaf>
I [2015-03-12 12:01:00.827] [[32mDispatcher[0m] Event new_message Finished in 0.000759 seconds
I [2015-03-12 12:01:01.271] [[32mDispatcher[0m] Started Event: new_message
I [2015-03-12 12:01:01.272] [[32mDispatcher[0m] [36mName:[0m new_message
I [2015-03-12 12:01:01.272] [[32mDispatcher[0m] [36mData:[0m {"user_name"=>"Guest_265", "msg_body"=>"f"}
I [2015-03-12 12:01:01.273] [[32mDispatcher[0m] [36mConnection:[0m #<Connection::95dc981780903e96baaf>
I [2015-03-12 12:01:01.282] [[32mDispatcher[0m] Event new_message Finished in 0.000793 seconds
I [2015-03-12 12:01:01.195] [[32mDispatcher[0m] Started Event: new_message
I [2015-03-12 12:01:01.195] [[32mDispatcher[0m] [36mName:[0m new_message
I [2015-03-12 12:01:01.195] [[32mDispatcher[0m] [36mData:[0m {"user_name"=>"Guest_265", "msg_body"=>"wef"}
I [2015-03-12 12:01:01.195] [[32mDispatcher[0m] [36mConnection:[0m #<Connection::95dc981780903e96baaf>
I [2015-03-12 12:01:01.196] [[32mDispatcher[0m] Event new_message Finished in 0.00089 seconds
I [2015-03-12 12:01:01.363] [[32mDispatcher[0m] Started Event: new_message
I [2015-03-12 12:01:01.363] [[32mDispatcher[0m] [36mName:[0m new_message
I [2015-03-12 12:01:01.363] [[32mDispatcher[0m] [36mData:[0m {"user_name"=>"Guest_265", "msg_body"=>"we"}
I [2015-03-12 12:01:01.363] [[32mDispatcher[0m] [36mConnection:[0m #<Connection::95dc981780903e96baaf>
I [2015-03-12 12:01:01.363] [[32mDispatcher[0m] Event new_message Finished in 0.000737 seconds
I [2015-03-12 12:01:01.539] [[32mDispatcher[0m] Started Event: new_message
I [2015-03-12 12:01:01.539] [[32mDispatcher[0m] [36mName:[0m new_message
I [2015-03-12 12:01:01.539] [[32mDispatcher[0m] [36mData:[0m {"user_name"=>"Guest_265", "msg_body"=>"f"}
I [2015-03-12 12:01:01.539] [[32mDispatcher[0m] [36mConnection:[0m #<Connection::95dc981780903e96baaf>
I [2015-03-12 12:01:01.540] [[32mDispatcher[0m] Event new_message Finished in 0.000779 seconds
I [2015-03-12 12:01:01.723] [[32mDispatcher[0m] Started Event: new_message
I [2015-03-12 12:01:01.723] [[32mDispatcher[0m] [36mName:[0m new_message
I [2015-03-12 12:01:01.723] [[32mDispatcher[0m] [36mData:[0m {"user_name"=>"Guest_265", "msg_body"=>"wef"}
I [2015-03-12 12:01:01.723] [[32mDispatcher[0m] [36mConnection:[0m #<Connection::95dc981780903e96baaf>
I [2015-03-12 12:01:01.724] [[32mDispatcher[0m] Event new_message Finished in 0.000763 seconds
I [2015-03-12 12:01:01.885] [[32mDispatcher[0m] Started Event: new_message
I [2015-03-12 12:01:01.885] [[32mDispatcher[0m] [36mName:[0m new_message
I [2015-03-12 12:01:01.886] [[32mDispatcher[0m] [36mData:[0m {"user_name"=>"Guest_265", "msg_body"=>"we"}
I [2015-03-12 12:01:01.886] [[32mDispatcher[0m] [36mConnection:[0m #<Connection::95dc981780903e96baaf>
I [2015-03-12 12:01:01.887] [[32mDispatcher[0m] Event new_message Finished in 0.00087 seconds
I [2015-03-12 12:01:02.753] [[32mDispatcher[0m] Started Event: new_message
I [2015-03-12 12:01:02.753] [[32mDispatcher[0m] [36mName:[0m new_message
I [2015-03-12 12:01:02.754] [[32mDispatcher[0m] [36mData:[0m {"user_name"=>"Guest_265", "msg_body"=>"f"}
I [2015-03-12 12:01:02.755] [[32mDispatcher[0m] [36mConnection:[0m #<Connection::95dc981780903e96baaf>
I [2015-03-12 12:01:02.764] [[32mDispatcher[0m] Event new_message Finished in 0.000849 seconds
I [2015-03-12 12:01:02.253] [[32mDispatcher[0m] Started Event: new_message
I [2015-03-12 12:01:02.253] [[32mDispatcher[0m] [36mName:[0m new_message
I [2015-03-12 12:01:02.253] [[32mDispatcher[0m] [36mData:[0m {"user_name"=>"Guest_265", "msg_body"=>"wef"}
I [2015-03-12 12:01:02.253] [[32mDispatcher[0m] [36mConnection:[0m #<Connection::95dc981780903e96baaf>
I [2015-03-12 12:01:02.254] [[32mDispatcher[0m] Event new_message Finished in 0.000879 seconds
I [2015-03-12 12:01:02.427] [[32mDispatcher[0m] Started Event: new_message
I [2015-03-12 12:01:02.427] [[32mDispatcher[0m] [36mName:[0m new_message
I [2015-03-12 12:01:02.427] [[32mDispatcher[0m] [36mData:[0m {"user_name"=>"Guest_265", "msg_body"=>"we"}
I [2015-03-12 12:01:02.427] [[32mDispatcher[0m] [36mConnection:[0m #<Connection::95dc981780903e96baaf>
I [2015-03-12 12:01:02.428] [[32mDispatcher[0m] Event new_message Finished in 0.000928 seconds
I [2015-03-12 12:01:02.595] [[32mDispatcher[0m] Started Event: new_message
I [2015-03-12 12:01:02.595] [[32mDispatcher[0m] [36mName:[0m new_message
I [2015-03-12 12:01:02.595] [[32mDispatcher[0m] [36mData:[0m {"user_name"=>"Guest_265", "msg_body"=>"f"}
I [2015-03-12 12:01:02.595] [[32mDispatcher[0m] [36mConnection:[0m #<Connection::95dc981780903e96baaf>
I [2015-03-12 12:01:02.596] [[32mDispatcher[0m] Event new_message Finished in 0.001014 seconds
I [2015-03-12 12:01:02.779] [[32mDispatcher[0m] Started Event: new_message
I [2015-03-12 12:01:02.779] [[32mDispatcher[0m] [36mName:[0m new_message
I [2015-03-12 12:01:02.779] [[32mDispatcher[0m] [36mData:[0m {"user_name"=>"Guest_265", "msg_body"=>"wef"}
I [2015-03-12 12:01:02.779] [[32mDispatcher[0m] [36mConnection:[0m #<Connection::95dc981780903e96baaf>
I [2015-03-12 12:01:02.780] [[32mDispatcher[0m] Event new_message Finished in 0.000795 seconds
I [2015-03-12 12:01:02.938] [[32mDispatcher[0m] Started Event: new_message
I [2015-03-12 12:01:02.939] [[32mDispatcher[0m] [36mName:[0m new_message
I [2015-03-12 12:01:02.939] [[32mDispatcher[0m] [36mData:[0m {"user_name"=>"Guest_265", "msg_body"=>"we"}
I [2015-03-12 12:01:02.939] [[32mDispatcher[0m] [36mConnection:[0m #<Connection::95dc981780903e96baaf>
I [2015-03-12 12:01:02.939] [[32mDispatcher[0m] Event new_message Finished in 0.000787 seconds
I [2015-03-12 12:01:03.122] [[32mDispatcher[0m] Started Event: new_message
I [2015-03-12 12:01:03.122] [[32mDispatcher[0m] [36mName:[0m new_message
I [2015-03-12 12:01:03.122] [[32mDispatcher[0m] [36mData:[0m {"user_name"=>"Guest_265", "msg_body"=>"f"}
I [2015-03-12 12:01:03.122] [[32mDispatcher[0m] [36mConnection:[0m #<Connection::95dc981780903e96baaf>
I [2015-03-12 12:01:03.123] [[32mDispatcher[0m] Event new_message Finished in 0.000718 seconds
I [2015-03-12 12:01:03.307] [[32mDispatcher[0m] Started Event: new_message
I [2015-03-12 12:01:03.307] [[32mDispatcher[0m] [36mName:[0m new_message
I [2015-03-12 12:01:03.307] [[32mDispatcher[0m] [36mData:[0m {"user_name"=>"Guest_265", "msg_body"=>"wef"}
I [2015-03-12 12:01:03.307] [[32mDispatcher[0m] [36mConnection:[0m #<Connection::95dc981780903e96baaf>
I [2015-03-12 12:01:03.308] [[32mDispatcher[0m] Event new_message Finished in 0.000802 seconds
I [2015-03-12 12:01:03.507] [[32mDispatcher[0m] Started Event: new_message
I [2015-03-12 12:01:03.507] [[32mDispatcher[0m] [36mName:[0m new_message
I [2015-03-12 12:01:03.507] [[32mDispatcher[0m] [36mData:[0m {"user_name"=>"Guest_265", "msg_body"=>"we"}
I [2015-03-12 12:01:03.507] [[32mDispatcher[0m] [36mConnection:[0m #<Connection::95dc981780903e96baaf>
I [2015-03-12 12:01:03.508] [[32mDispatcher[0m] Event new_message Finished in 0.0009 seconds
I [2015-03-12 12:01:03.706] [[32mDispatcher[0m] Started Event: new_message
I [2015-03-12 12:01:03.706] [[32mDispatcher[0m] [36mName:[0m new_message
I [2015-03-12 12:01:03.706] [[32mDispatcher[0m] [36mData:[0m {"user_name"=>"Guest_265", "msg_body"=>"fwe"}
I [2015-03-12 12:01:03.706] [[32mDispatcher[0m] [36mConnection:[0m #<Connection::95dc981780903e96baaf>
I [2015-03-12 12:01:03.707] [[32mDispatcher[0m] Event new_message Finished in 0.000742 seconds
I [2015-03-12 12:01:03.899] [[32mDispatcher[0m] Started Event: new_message
I [2015-03-12 12:01:03.899] [[32mDispatcher[0m] [36mName:[0m new_message
I [2015-03-12 12:01:03.899] [[32mDispatcher[0m] [36mData:[0m {"user_name"=>"Guest_265", "msg_body"=>"f"}
I [2015-03-12 12:01:03.899] [[32mDispatcher[0m] [36mConnection:[0m #<Connection::95dc981780903e96baaf>
I [2015-03-12 12:01:03.900] [[32mDispatcher[0m] Event new_message Finished in 0.001184 seconds
I [2015-03-12 12:01:04.875] [[32mDispatcher[0m] Started Event: new_message
I [2015-03-12 12:01:04.876] [[32mDispatcher[0m] [36mName:[0m new_message
I [2015-03-12 12:01:04.877] [[32mDispatcher[0m] [36mData:[0m {"user_name"=>"Guest_265", "msg_body"=>"wef"}
I [2015-03-12 12:01:04.878] [[32mDispatcher[0m] [36mConnection:[0m #<Connection::95dc981780903e96baaf>
I [2015-03-12 12:01:04.891] [[32mDispatcher[0m] Event new_message Finished in 0.001152 seconds
I [2015-03-12 12:01:04.259] [[32mDispatcher[0m] Started Event: new_message
I [2015-03-12 12:01:04.259] [[32mDispatcher[0m] [36mName:[0m new_message
I [2015-03-12 12:01:04.259] [[32mDispatcher[0m] [36mData:[0m {"user_name"=>"Guest_265", "msg_body"=>"we"}
I [2015-03-12 12:01:04.259] [[32mDispatcher[0m] [36mConnection:[0m #<Connection::95dc981780903e96baaf>
I [2015-03-12 12:01:04.260] [[32mDispatcher[0m] Event new_message Finished in 0.000867 seconds
I [2015-03-12 12:01:04.458] [[32mDispatcher[0m] Started Event: new_message
I [2015-03-12 12:01:04.458] [[32mDispatcher[0m] [36mName:[0m new_message
I [2015-03-12 12:01:04.458] [[32mDispatcher[0m] [36mData:[0m {"user_name"=>"Guest_265", "msg_body"=>"f"}
I [2015-03-12 12:01:04.458] [[32mDispatcher[0m] [36mConnection:[0m #<Connection::95dc981780903e96baaf>
I [2015-03-12 12:01:04.459] [[32mDispatcher[0m] Event new_message Finished in 0.000757 seconds
I [2015-03-12 12:01:04.637] [[32mDispatcher[0m] Started Event: new_message
I [2015-03-12 12:01:04.637] [[32mDispatcher[0m] [36mName:[0m new_message
I [2015-03-12 12:01:04.637] [[32mDispatcher[0m] [36mData:[0m {"user_name"=>"Guest_265", "msg_body"=>"wef"}
I [2015-03-12 12:01:04.637] [[32mDispatcher[0m] [36mConnection:[0m #<Connection::95dc981780903e96baaf>
I [2015-03-12 12:01:04.638] [[32mDispatcher[0m] Event new_message Finished in 0.000696 seconds
I [2015-03-12 12:01:04.835] [[32mDispatcher[0m] Started Event: new_message
I [2015-03-12 12:01:04.835] [[32mDispatcher[0m] [36mName:[0m new_message
I [2015-03-12 12:01:04.835] [[32mDispatcher[0m] [36mData:[0m {"user_name"=>"Guest_265", "msg_body"=>"we"}
I [2015-03-12 12:01:04.835] [[32mDispatcher[0m] [36mConnection:[0m #<Connection::95dc981780903e96baaf>
I [2015-03-12 12:01:04.836] [[32mDispatcher[0m] Event new_message Finished in 0.001068 seconds
I [2015-03-12 12:01:05.208] [[32mDispatcher[0m] Started Event: new_message
I [2015-03-12 12:01:05.208] [[32mDispatcher[0m] [36mName:[0m new_message
I [2015-03-12 12:01:05.209] [[32mDispatcher[0m] [36mData:[0m {"user_name"=>"Guest_265", "msg_body"=>"fwe"}
I [2015-03-12 12:01:05.210] [[32mDispatcher[0m] [36mConnection:[0m #<Connection::95dc981780903e96baaf>
I [2015-03-12 12:01:05.217] [[32mDispatcher[0m] Event new_message Finished in 0.000665 seconds
I [2015-03-12 12:01:05.211] [[32mDispatcher[0m] Started Event: new_message
I [2015-03-12 12:01:05.211] [[32mDispatcher[0m] [36mName:[0m new_message
I [2015-03-12 12:01:05.211] [[32mDispatcher[0m] [36mData:[0m {"user_name"=>"Guest_265", "msg_body"=>"f"}
I [2015-03-12 12:01:05.211] [[32mDispatcher[0m] [36mConnection:[0m #<Connection::95dc981780903e96baaf>
I [2015-03-12 12:01:05.212] [[32mDispatcher[0m] Event new_message Finished in 0.001046 seconds
I [2015-03-12 12:01:05.387] [[32mDispatcher[0m] Started Event: new_message
I [2015-03-12 12:01:05.387] [[32mDispatcher[0m] [36mName:[0m new_message
I [2015-03-12 12:01:05.387] [[32mDispatcher[0m] [36mData:[0m {"user_name"=>"Guest_265", "msg_body"=>"we"}
I [2015-03-12 12:01:05.387] [[32mDispatcher[0m] [36mConnection:[0m #<Connection::95dc981780903e96baaf>
I [2015-03-12 12:01:05.388] [[32mDispatcher[0m] Event new_message Finished in 0.000902 seconds
I [2015-03-12 12:01:05.571] [[32mDispatcher[0m] Started Event: new_message
I [2015-03-12 12:01:05.571] [[32mDispatcher[0m] [36mName:[0m new_message
I [2015-03-12 12:01:05.571] [[32mDispatcher[0m] [36mData:[0m {"user_name"=>"Guest_265", "msg_body"=>"fwe"}
I [2015-03-12 12:01:05.571] [[32mDispatcher[0m] [36mConnection:[0m #<Connection::95dc981780903e96baaf>
I [2015-03-12 12:01:05.572] [[32mDispatcher[0m] Event new_message Finished in 0.00073 seconds
I [2015-03-12 12:01:05.771] [[32mDispatcher[0m] Started Event: new_message
I [2015-03-12 12:01:05.771] [[32mDispatcher[0m] [36mName:[0m new_message
I [2015-03-12 12:01:05.771] [[32mDispatcher[0m] [36mData:[0m {"user_name"=>"Guest_265", "msg_body"=>"f"}
I [2015-03-12 12:01:05.771] [[32mDispatcher[0m] [36mConnection:[0m #<Connection::95dc981780903e96baaf>
I [2015-03-12 12:01:05.772] [[32mDispatcher[0m] Event new_message Finished in 0.000916 seconds
I [2015-03-12 12:01:05.963] [[32mDispatcher[0m] Started Event: new_message
I [2015-03-12 12:01:05.963] [[32mDispatcher[0m] [36mName:[0m new_message
I [2015-03-12 12:01:05.963] [[32mDispatcher[0m] [36mData:[0m {"user_name"=>"Guest_265", "msg_body"=>"ew"}
I [2015-03-12 12:01:05.963] [[32mDispatcher[0m] [36mConnection:[0m #<Connection::95dc981780903e96baaf>
I [2015-03-12 12:01:05.965] [[32mDispatcher[0m] Event new_message Finished in 0.000979999999999999 seconds
I [2015-03-12 12:01:06.147] [[32mDispatcher[0m] Started Event: new_message
I [2015-03-12 12:01:06.148] [[32mDispatcher[0m] [36mName:[0m new_message
I [2015-03-12 12:01:06.148] [[32mDispatcher[0m] [36mData:[0m {"user_name"=>"Guest_265", "msg_body"=>"fwe"}
I [2015-03-12 12:01:06.148] [[32mDispatcher[0m] [36mConnection:[0m #<Connection::95dc981780903e96baaf>
I [2015-03-12 12:01:06.150] [[32mDispatcher[0m] Event new_message Finished in 0.001995 seconds
I [2015-03-12 12:01:06.339] [[32mDispatcher[0m] Started Event: new_message
I [2015-03-12 12:01:06.339] [[32mDispatcher[0m] [36mName:[0m new_message
I [2015-03-12 12:01:06.339] [[32mDispatcher[0m] [36mData:[0m {"user_name"=>"Guest_265", "msg_body"=>"f"}
I [2015-03-12 12:01:06.339] [[32mDispatcher[0m] [36mConnection:[0m #<Connection::95dc981780903e96baaf>
I [2015-03-12 12:01:06.340] [[32mDispatcher[0m] Event new_message Finished in 0.000907 seconds
I [2015-03-12 12:01:06.531] [[32mDispatcher[0m] Started Event: new_message
I [2015-03-12 12:01:06.531] [[32mDispatcher[0m] [36mName:[0m new_message
I [2015-03-12 12:01:06.531] [[32mDispatcher[0m] [36mData:[0m {"user_name"=>"Guest_265", "msg_body"=>"we"}
I [2015-03-12 12:01:06.531] [[32mDispatcher[0m] [36mConnection:[0m #<Connection::95dc981780903e96baaf>
I [2015-03-12 12:01:06.532] [[32mDispatcher[0m] Event new_message Finished in 0.000962 seconds
I [2015-03-12 12:01:06.771] [[32mDispatcher[0m] Started Event: new_message
I [2015-03-12 12:01:06.771] [[32mDispatcher[0m] [36mName:[0m new_message
I [2015-03-12 12:01:06.771] [[32mDispatcher[0m] [36mData:[0m {"user_name"=>"Guest_265", "msg_body"=>"fwe"}
I [2015-03-12 12:01:06.771] [[32mDispatcher[0m] [36mConnection:[0m #<Connection::95dc981780903e96baaf>
I [2015-03-12 12:01:06.772] [[32mDispatcher[0m] Event new_message Finished in 0.000785 seconds
I [2015-03-12 12:01:06.978] [[32mDispatcher[0m] Started Event: new_message
I [2015-03-12 12:01:06.978] [[32mDispatcher[0m] [36mName:[0m new_message
I [2015-03-12 12:01:06.978] [[32mDispatcher[0m] [36mData:[0m {"user_name"=>"Guest_265", "msg_body"=>"f"}
I [2015-03-12 12:01:06.978] [[32mDispatcher[0m] [36mConnection:[0m #<Connection::95dc981780903e96baaf>
I [2015-03-12 12:01:06.979] [[32mDispatcher[0m] Event new_message Finished in 0.000871 seconds
I [2015-03-12 12:01:07.179] [[32mDispatcher[0m] Started Event: new_message
I [2015-03-12 12:01:07.179] [[32mDispatcher[0m] [36mName:[0m new_message
I [2015-03-12 12:01:07.179] [[32mDispatcher[0m] [36mData:[0m {"user_name"=>"Guest_265", "msg_body"=>"wef"}
I [2015-03-12 12:01:07.179] [[32mDispatcher[0m] [36mConnection:[0m #<Connection::95dc981780903e96baaf>
I [2015-03-12 12:01:07.180] [[32mDispatcher[0m] Event new_message Finished in 0.000925 seconds
I [2015-03-12 12:01:07.371] [[32mDispatcher[0m] Started Event: new_message
I [2015-03-12 12:01:07.371] [[32mDispatcher[0m] [36mName:[0m new_message
I [2015-03-12 12:01:07.371] [[32mDispatcher[0m] [36mData:[0m {"user_name"=>"Guest_265", "msg_body"=>"we"}
I [2015-03-12 12:01:07.371] [[32mDispatcher[0m] [36mConnection:[0m #<Connection::95dc981780903e96baaf>
I [2015-03-12 12:01:07.372] [[32mDispatcher[0m] Event new_message Finished in 0.00095 seconds
I [2015-03-12 12:01:07.570] [[32mDispatcher[0m] Started Event: new_message
I [2015-03-12 12:01:07.570] [[32mDispatcher[0m] [36mName:[0m new_message
I [2015-03-12 12:01:07.570] [[32mDispatcher[0m] [36mData:[0m {"user_name"=>"Guest_265", "msg_body"=>"fwe"}
I [2015-03-12 12:01:07.570] [[32mDispatcher[0m] [36mConnection:[0m #<Connection::95dc981780903e96baaf>
I [2015-03-12 12:01:07.571] [[32mDispatcher[0m] Event new_message Finished in 0.000631 seconds
I [2015-03-12 12:01:07.738] [[32mDispatcher[0m] Started Event: new_message
I [2015-03-12 12:01:07.738] [[32mDispatcher[0m] [36mName:[0m new_message
I [2015-03-12 12:01:07.738] [[32mDispatcher[0m] [36mData:[0m {"user_name"=>"Guest_265", "msg_body"=>"f"}
I [2015-03-12 12:01:07.739] [[32mDispatcher[0m] [36mConnection:[0m #<Connection::95dc981780903e96baaf>
I [2015-03-12 12:01:07.739] [[32mDispatcher[0m] Event new_message Finished in 0.00073 seconds
I [2015-03-12 12:01:07.907] [[32mDispatcher[0m] Started Event: new_message
I [2015-03-12 12:01:07.907] [[32mDispatcher[0m] [36mName:[0m new_message
I [2015-03-12 12:01:07.907] [[32mDispatcher[0m] [36mData:[0m {"user_name"=>"Guest_265", "msg_body"=>"we"}
I [2015-03-12 12:01:07.907] [[32mDispatcher[0m] [36mConnection:[0m #<Connection::95dc981780903e96baaf>
I [2015-03-12 12:01:07.908] [[32mDispatcher[0m] Event new_message Finished in 0.000935 seconds
I [2015-03-12 12:01:08.672] [[32mDispatcher[0m] Started Event: new_message
I [2015-03-12 12:01:08.673] [[32mDispatcher[0m] [36mName:[0m new_message
I [2015-03-12 12:01:08.673] [[32mDispatcher[0m] [36mData:[0m {"user_name"=>"Guest_265", "msg_body"=>"f"}
I [2015-03-12 12:01:08.674] [[32mDispatcher[0m] [36mConnection:[0m #<Connection::95dc981780903e96baaf>
I [2015-03-12 12:01:08.684] [[32mDispatcher[0m] Event new_message Finished in 0.000928 seconds
I [2015-03-12 12:01:08.243] [[32mDispatcher[0m] Started Event: new_message
I [2015-03-12 12:01:08.243] [[32mDispatcher[0m] [36mName:[0m new_message
I [2015-03-12 12:01:08.243] [[32mDispatcher[0m] [36mData:[0m {"user_name"=>"Guest_265", "msg_body"=>"wef"}
I [2015-03-12 12:01:08.243] [[32mDispatcher[0m] [36mConnection:[0m #<Connection::95dc981780903e96baaf>
I [2015-03-12 12:01:08.243] [[32mDispatcher[0m] Event new_message Finished in 0.000676 seconds
I [2015-03-12 12:01:08.419] [[32mDispatcher[0m] Started Event: new_message
I [2015-03-12 12:01:08.419] [[32mDispatcher[0m] [36mName:[0m new_message
I [2015-03-12 12:01:08.419] [[32mDispatcher[0m] [36mData:[0m {"user_name"=>"Guest_265", "msg_body"=>"we"}
I [2015-03-12 12:01:08.419] [[32mDispatcher[0m] [36mConnection:[0m #<Connection::95dc981780903e96baaf>
I [2015-03-12 12:01:08.420] [[32mDispatcher[0m] Event new_message Finished in 0.000816 seconds
I [2015-03-12 12:01:08.587] [[32mDispatcher[0m] Started Event: new_message
I [2015-03-12 12:01:08.587] [[32mDispatcher[0m] [36mName:[0m new_message
I [2015-03-12 12:01:08.587] [[32mDispatcher[0m] [36mData:[0m {"user_name"=>"Guest_265", "msg_body"=>"f"}
I [2015-03-12 12:01:08.587] [[32mDispatcher[0m] [36mConnection:[0m #<Connection::95dc981780903e96baaf>
I [2015-03-12 12:01:08.588] [[32mDispatcher[0m] Event new_message Finished in 0.000928 seconds
I [2015-03-12 12:01:08.762] [[32mDispatcher[0m] Started Event: new_message
I [2015-03-12 12:01:08.762] [[32mDispatcher[0m] [36mName:[0m new_message
I [2015-03-12 12:01:08.762] [[32mDispatcher[0m] [36mData:[0m {"user_name"=>"Guest_265", "msg_body"=>"wef"}
I [2015-03-12 12:01:08.763] [[32mDispatcher[0m] [36mConnection:[0m #<Connection::95dc981780903e96baaf>
I [2015-03-12 12:01:08.763] [[32mDispatcher[0m] Event new_message Finished in 0.000791 seconds
I [2015-03-12 12:01:08.954] [[32mDispatcher[0m] Started Event: new_message
I [2015-03-12 12:01:08.955] [[32mDispatcher[0m] [36mName:[0m new_message
I [2015-03-12 12:01:08.955] [[32mDispatcher[0m] [36mData:[0m {"user_name"=>"Guest_265", "msg_body"=>"we"}
I [2015-03-12 12:01:08.955] [[32mDispatcher[0m] [36mConnection:[0m #<Connection::95dc981780903e96baaf>
I [2015-03-12 12:01:08.955] [[32mDispatcher[0m] Event new_message Finished in 0.000743 seconds
I [2015-03-12 12:01:09.155] [[32mDispatcher[0m] Started Event: new_message
I [2015-03-12 12:01:09.155] [[32mDispatcher[0m] [36mName:[0m new_message
I [2015-03-12 12:01:09.155] [[32mDispatcher[0m] [36mData:[0m {"user_name"=>"Guest_265", "msg_body"=>"f"}
I [2015-03-12 12:01:09.155] [[32mDispatcher[0m] [36mConnection:[0m #<Connection::95dc981780903e96baaf>
I [2015-03-12 12:01:09.156] [[32mDispatcher[0m] Event new_message Finished in 0.000701 seconds
I [2015-03-12 12:01:09.331] [[32mDispatcher[0m] Started Event: new_message
I [2015-03-12 12:01:09.331] [[32mDispatcher[0m] [36mName:[0m new_message
I [2015-03-12 12:01:09.331] [[32mDispatcher[0m] [36mData:[0m {"user_name"=>"Guest_265", "msg_body"=>"we"}
I [2015-03-12 12:01:09.331] [[32mDispatcher[0m] [36mConnection:[0m #<Connection::95dc981780903e96baaf>
I [2015-03-12 12:01:09.332] [[32mDispatcher[0m] Event new_message Finished in 0.000872 seconds
I [2015-03-12 12:01:09.491] [[32mDispatcher[0m] Started Event: new_message
I [2015-03-12 12:01:09.491] [[32mDispatcher[0m] [36mName:[0m new_message
I [2015-03-12 12:01:09.491] [[32mDispatcher[0m] [36mData:[0m {"user_name"=>"Guest_265", "msg_body"=>"few"}
I [2015-03-12 12:01:09.491] [[32mDispatcher[0m] [36mConnection:[0m #<Connection::95dc981780903e96baaf>
I [2015-03-12 12:01:09.492] [[32mDispatcher[0m] Event new_message Finished in 0.000785 seconds
I [2015-03-12 12:01:09.675] [[32mDispatcher[0m] Started Event: new_message
I [2015-03-12 12:01:09.675] [[32mDispatcher[0m] [36mName:[0m new_message
I [2015-03-12 12:01:09.675] [[32mDispatcher[0m] [36mData:[0m {"user_name"=>"Guest_265", "msg_body"=>"f"}
I [2015-03-12 12:01:09.675] [[32mDispatcher[0m] [36mConnection:[0m #<Connection::95dc981780903e96baaf>
I [2015-03-12 12:01:09.676] [[32mDispatcher[0m] Event new_message Finished in 0.00085 seconds
I [2015-03-12 12:01:09.867] [[32mDispatcher[0m] Started Event: new_message
I [2015-03-12 12:01:09.867] [[32mDispatcher[0m] [36mName:[0m new_message
I [2015-03-12 12:01:09.867] [[32mDispatcher[0m] [36mData:[0m {"user_name"=>"Guest_265", "msg_body"=>"we"}
I [2015-03-12 12:01:09.867] [[32mDispatcher[0m] [36mConnection:[0m #<Connection::95dc981780903e96baaf>
I [2015-03-12 12:01:09.868] [[32mDispatcher[0m] Event new_message Finished in 0.000881 seconds
I [2015-03-12 12:01:10.374] [[32mDispatcher[0m] Started Event: new_message
I [2015-03-12 12:01:10.376] [[32mDispatcher[0m] [36mName:[0m new_message
I [2015-03-12 12:01:10.377] [[32mDispatcher[0m] [36mData:[0m {"user_name"=>"Guest_265", "msg_body"=>"fwe"}
I [2015-03-12 12:01:10.377] [[32mDispatcher[0m] [36mConnection:[0m #<Connection::95dc981780903e96baaf>
I [2015-03-12 12:01:10.389] [[32mDispatcher[0m] Event new_message Finished in 0.001165 seconds
I [2015-03-12 12:01:10.210] [[32mDispatcher[0m] Started Event: new_message
I [2015-03-12 12:01:10.210] [[32mDispatcher[0m] [36mName:[0m new_message
I [2015-03-12 12:01:10.210] [[32mDispatcher[0m] [36mData:[0m {"user_name"=>"Guest_265", "msg_body"=>"f"}
I [2015-03-12 12:01:10.210] [[32mDispatcher[0m] [36mConnection:[0m #<Connection::95dc981780903e96baaf>
I [2015-03-12 12:01:10.211] [[32mDispatcher[0m] Event new_message Finished in 0.000721 seconds
I [2015-03-12 12:01:10.387] [[32mDispatcher[0m] Started Event: new_message
I [2015-03-12 12:01:10.387] [[32mDispatcher[0m] [36mName:[0m new_message
I [2015-03-12 12:01:10.387] [[32mDispatcher[0m] [36mData:[0m {"user_name"=>"Guest_265", "msg_body"=>"we"}
I [2015-03-12 12:01:10.387] [[32mDispatcher[0m] [36mConnection:[0m #<Connection::95dc981780903e96baaf>
I [2015-03-12 12:01:10.388] [[32mDispatcher[0m] Event new_message Finished in 0.000883 seconds
I [2015-03-12 12:01:10.524] [[32mDispatcher[0m] Started Event: new_message
I [2015-03-12 12:01:10.524] [[32mDispatcher[0m] [36mName:[0m new_message
I [2015-03-12 12:01:10.524] [[32mDispatcher[0m] [36mData:[0m {"user_name"=>"Guest_265", "msg_body"=>"f"}
I [2015-03-12 12:01:10.524] [[32mDispatcher[0m] [36mConnection:[0m #<Connection::95dc981780903e96baaf>
I [2015-03-12 12:01:10.525] [[32mDispatcher[0m] Event new_message Finished in 0.000586 seconds
I [2015-03-12 12:01:27.178] [[32mDispatcher[0m] Started Event: new_message
I [2015-03-12 12:01:27.178] [[32mDispatcher[0m] [36mName:[0m new_message
I [2015-03-12 12:01:27.178] [[32mDispatcher[0m] [36mData:[0m {"user_name"=>"Guest_265", "msg_body"=>"wfedwe"}
I [2015-03-12 12:01:27.178] [[32mDispatcher[0m] [36mConnection:[0m #<Connection::95dc981780903e96baaf>
I [2015-03-12 12:01:27.179] [[32mDispatcher[0m] Event new_message Finished in 0.000816 seconds
I [2015-03-12 12:01:30.218] [[32mDispatcher[0m] Started Event: new_message
I [2015-03-12 12:01:30.218] [[32mDispatcher[0m] [36mName:[0m new_message
I [2015-03-12 12:01:30.218] [[32mDispatcher[0m] [36mData:[0m {"user_name"=>"Guest_265", "msg_body"=>"wwewe"}
I [2015-03-12 12:01:30.218] [[32mDispatcher[0m] [36mConnection:[0m #<Connection::95dc981780903e96baaf>
I [2015-03-12 12:01:30.219] [[32mDispatcher[0m] Event new_message Finished in 0.000775 seconds
I [2015-03-12 12:01:32.954] [[32mDispatcher[0m] Started Event: new_message
I [2015-03-12 12:01:32.954] [[32mDispatcher[0m] [36mName:[0m new_message
I [2015-03-12 12:01:32.954] [[32mDispatcher[0m] [36mData:[0m {"user_name"=>"Guest_265", "msg_body"=>"wwe"}
I [2015-03-12 12:01:32.954] [[32mDispatcher[0m] [36mConnection:[0m #<Connection::95dc981780903e96baaf>
I [2015-03-12 12:01:32.955] [[32mDispatcher[0m] Event new_message Finished in 0.000956 seconds
I [2015-03-12 12:01:45.515] [[32mConnectionManager[0m] Connection closed: #<Connection::95dc981780903e96baaf>
I [2015-03-12 12:31:08.743] [[32mConnectionManager[0m] Connection opened: #<Connection::99ae23c16f331ff316bc>
I [2015-03-12 12:31:08.744] [[32mDispatcher[0m] Started Event: client_connected
I [2015-03-12 12:31:08.744] [[32mDispatcher[0m] [36mName:[0m client_connected
I [2015-03-12 12:31:08.744] [[32mDispatcher[0m] [36mData:[0m {"connection_id"=>"99ae23c16f331ff316bc"}
I [2015-03-12 12:31:08.744] [[32mDispatcher[0m] [36mConnection:[0m #<Connection::99ae23c16f331ff316bc>
I [2015-03-12 12:31:08.745] [[32mDispatcher[0m] Event client_connected Finished in 0.000761 seconds
I [2015-03-12 12:31:08.747] [[32mDispatcher[0m] Started Event: new_user
I [2015-03-12 12:31:08.747] [[32mDispatcher[0m] [36mName:[0m new_user
I [2015-03-12 12:31:08.747] [[32mDispatcher[0m] [36mData:[0m {"user_name"=>"Guest_333"}
I [2015-03-12 12:31:08.747] [[32mDispatcher[0m] [36mConnection:[0m #<Connection::99ae23c16f331ff316bc>
I [2015-03-12 12:31:08.750] [[32mDispatcher[0m] Event new_user Finished in 0.002734 seconds
I [2015-03-12 12:31:34.386] [[32mDispatcher[0m] Started Event: new_message
I [2015-03-12 12:31:34.387] [[32mDispatcher[0m] [36mName:[0m new_message
I [2015-03-12 12:31:34.387] [[32mDispatcher[0m] [36mData:[0m {"user_name"=>"Guest_333", "msg_body"=>"hey"}
I [2015-03-12 12:31:34.388] [[32mDispatcher[0m] [36mConnection:[0m #<Connection::99ae23c16f331ff316bc>
I [2015-03-12 12:31:34.396] [[32mDispatcher[0m] Event new_message Finished in 0.000768 seconds
I [2015-03-12 12:34:48.452] [[32mConnectionManager[0m] Connection closed: #<Connection::99ae23c16f331ff316bc>
I [2015-03-12 12:34:48.452] [[32mDispatcher[0m] Started Event: client_disconnected
I [2015-03-12 12:34:48.452] [[32mDispatcher[0m] [36mName:[0m client_disconnected
I [2015-03-12 12:34:48.452] [[32mDispatcher[0m] [36mConnection:[0m #<Connection::99ae23c16f331ff316bc>
E [2015-03-12 12:34:48.453] [[31mDispatcher[0m] ArgumentError: wrong number of arguments (1 for 2)
E [2015-03-12 12:34:48.453] [[31mDispatcher[0m] /Users/vinsol/Desktop/Files From Previous Laptop/projects/depo/app/controllers/chat_controller.rb:9:in `system_msg'
E [2015-03-12 12:34:48.453] [[31mDispatcher[0m] /Users/vinsol/Desktop/Files From Previous Laptop/projects/depo/app/controllers/chat_controller.rb:45:in `delete_user'
E [2015-03-12 12:34:48.453] [[31mDispatcher[0m] /Users/vinsol/.rvm/gems/ruby-2.1.3/gems/websocket-rails-0.7.0/lib/websocket_rails/base_controller.rb:27:in `process_action'
E [2015-03-12 12:34:48.453] [[31mDispatcher[0m] /Users/vinsol/.rvm/gems/ruby-2.1.3@global/gems/actionpack-4.1.8/lib/abstract_controller/callbacks.rb:20:in `block in process_action'
E [2015-03-12 12:34:48.453] [[31mDispatcher[0m] /Users/vinsol/.rvm/gems/ruby-2.1.3@global/gems/activesupport-4.1.8/lib/active_support/callbacks.rb:82:in `run_callbacks'
E [2015-03-12 12:34:48.453] [[31mDispatcher[0m] /Users/vinsol/.rvm/gems/ruby-2.1.3@global/gems/actionpack-4.1.8/lib/abstract_controller/callbacks.rb:19:in `process_action'
E [2015-03-12 12:34:48.453] [[31mDispatcher[0m] /Users/vinsol/.rvm/gems/ruby-2.1.3/gems/websocket-rails-0.7.0/lib/websocket_rails/dispatcher.rb:65:in `block (3 levels) in route'
E [2015-03-12 12:34:48.453] [[31mDispatcher[0m] /Users/vinsol/.rvm/gems/ruby-2.1.3/gems/websocket-rails-0.7.0/lib/websocket_rails/logging.rb:66:in `call'
E [2015-03-12 12:34:48.453] [[31mDispatcher[0m] /Users/vinsol/.rvm/gems/ruby-2.1.3/gems/websocket-rails-0.7.0/lib/websocket_rails/logging.rb:66:in `log_event'
E [2015-03-12 12:34:48.453] [[31mDispatcher[0m] /Users/vinsol/.rvm/gems/ruby-2.1.3/gems/websocket-rails-0.7.0/lib/websocket_rails/dispatcher.rb:62:in `block (2 levels) in route'

I [2015-03-12 12:34:50.917] [[32mConnectionManager[0m] Connection opened: #<Connection::fb25b22749df86ed7d1f>
I [2015-03-12 12:34:50.100] [[32mDispatcher[0m] Started Event: client_connected
I [2015-03-12 12:34:50.100] [[32mDispatcher[0m] [36mName:[0m client_connected
I [2015-03-12 12:34:50.100] [[32mDispatcher[0m] [36mData:[0m {"connection_id"=>"fb25b22749df86ed7d1f"}
I [2015-03-12 12:34:50.101] [[32mDispatcher[0m] [36mConnection:[0m #<Connection::fb25b22749df86ed7d1f>
I [2015-03-12 12:34:50.112] [[32mDispatcher[0m] Event client_connected Finished in 0.001046 seconds
I [2015-03-12 12:34:50.128] [[32mDispatcher[0m] Started Event: new_user
I [2015-03-12 12:34:50.128] [[32mDispatcher[0m] [36mName:[0m new_user
I [2015-03-12 12:34:50.128] [[32mDispatcher[0m] [36mData:[0m {"user_name"=>"Guest_509"}
I [2015-03-12 12:34:50.128] [[32mDispatcher[0m] [36mConnection:[0m #<Connection::fb25b22749df86ed7d1f>
I [2015-03-12 12:34:50.138] [[32mDispatcher[0m] Event new_user Finished in 0.000857 seconds
I [2015-03-12 12:37:09.550] [[32mConnectionManager[0m] Connection closed: #<Connection::fb25b22749df86ed7d1f>
I [2015-03-12 12:37:09.551] [[32mDispatcher[0m] Started Event: client_disconnected
I [2015-03-12 12:37:09.551] [[32mDispatcher[0m] [36mName:[0m client_disconnected
I [2015-03-12 12:37:09.551] [[32mDispatcher[0m] [36mConnection:[0m #<Connection::fb25b22749df86ed7d1f>
E [2015-03-12 12:37:09.551] [[31mDispatcher[0m] ArgumentError: wrong number of arguments (1 for 2)
E [2015-03-12 12:37:09.551] [[31mDispatcher[0m] /Users/vinsol/Desktop/Files From Previous Laptop/projects/depo/app/controllers/chat_controller.rb:9:in `system_msg'
E [2015-03-12 12:37:09.551] [[31mDispatcher[0m] /Users/vinsol/Desktop/Files From Previous Laptop/projects/depo/app/controllers/chat_controller.rb:45:in `delete_user'
E [2015-03-12 12:37:09.551] [[31mDispatcher[0m] /Users/vinsol/.rvm/gems/ruby-2.1.3/gems/websocket-rails-0.7.0/lib/websocket_rails/base_controller.rb:27:in `process_action'
E [2015-03-12 12:37:09.551] [[31mDispatcher[0m] /Users/vinsol/.rvm/gems/ruby-2.1.3@global/gems/actionpack-4.1.8/lib/abstract_controller/callbacks.rb:20:in `block in process_action'
E [2015-03-12 12:37:09.551] [[31mDispatcher[0m] /Users/vinsol/.rvm/gems/ruby-2.1.3@global/gems/activesupport-4.1.8/lib/active_support/callbacks.rb:82:in `run_callbacks'
E [2015-03-12 12:37:09.551] [[31mDispatcher[0m] /Users/vinsol/.rvm/gems/ruby-2.1.3@global/gems/actionpack-4.1.8/lib/abstract_controller/callbacks.rb:19:in `process_action'
E [2015-03-12 12:37:09.551] [[31mDispatcher[0m] /Users/vinsol/.rvm/gems/ruby-2.1.3/gems/websocket-rails-0.7.0/lib/websocket_rails/dispatcher.rb:65:in `block (3 levels) in route'
E [2015-03-12 12:37:09.551] [[31mDispatcher[0m] /Users/vinsol/.rvm/gems/ruby-2.1.3/gems/websocket-rails-0.7.0/lib/websocket_rails/logging.rb:66:in `call'
E [2015-03-12 12:37:09.551] [[31mDispatcher[0m] /Users/vinsol/.rvm/gems/ruby-2.1.3/gems/websocket-rails-0.7.0/lib/websocket_rails/logging.rb:66:in `log_event'
E [2015-03-12 12:37:09.551] [[31mDispatcher[0m] /Users/vinsol/.rvm/gems/ruby-2.1.3/gems/websocket-rails-0.7.0/lib/websocket_rails/dispatcher.rb:62:in `block (2 levels) in route'

I [2015-03-12 12:37:09.629] [[32mConnectionManager[0m] Connection opened: #<Connection::7c53d1fe0480635f95b4>
I [2015-03-12 12:37:09.629] [[32mDispatcher[0m] Started Event: client_connected
I [2015-03-12 12:37:09.629] [[32mDispatcher[0m] [36mName:[0m client_connected
I [2015-03-12 12:37:09.629] [[32mDispatcher[0m] [36mData:[0m {"connection_id"=>"7c53d1fe0480635f95b4"}
I [2015-03-12 12:37:09.630] [[32mDispatcher[0m] [36mConnection:[0m #<Connection::7c53d1fe0480635f95b4>
I [2015-03-12 12:37:09.630] [[32mDispatcher[0m] Event client_connected Finished in 0.000749 seconds
I [2015-03-12 12:37:09.631] [[32mDispatcher[0m] Started Event: new_user
I [2015-03-12 12:37:09.631] [[32mDispatcher[0m] [36mName:[0m new_user
I [2015-03-12 12:37:09.631] [[32mDispatcher[0m] [36mData:[0m {"user_name"=>"Guest_803"}
I [2015-03-12 12:37:09.631] [[32mDispatcher[0m] [36mConnection:[0m #<Connection::7c53d1fe0480635f95b4>
I [2015-03-12 12:37:09.632] [[32mDispatcher[0m] Event new_user Finished in 0.000658 seconds
I [2015-03-12 12:37:12.140] [[32mConnectionManager[0m] Connection closed: #<Connection::7c53d1fe0480635f95b4>
I [2015-03-12 12:37:12.140] [[32mDispatcher[0m] Started Event: client_disconnected
I [2015-03-12 12:37:12.140] [[32mDispatcher[0m] [36mName:[0m client_disconnected
I [2015-03-12 12:37:12.141] [[32mDispatcher[0m] [36mConnection:[0m #<Connection::7c53d1fe0480635f95b4>
E [2015-03-12 12:37:12.141] [[31mDispatcher[0m] ArgumentError: wrong number of arguments (1 for 2)
E [2015-03-12 12:37:12.141] [[31mDispatcher[0m] /Users/vinsol/Desktop/Files From Previous Laptop/projects/depo/app/controllers/chat_controller.rb:9:in `system_msg'
E [2015-03-12 12:37:12.141] [[31mDispatcher[0m] /Users/vinsol/Desktop/Files From Previous Laptop/projects/depo/app/controllers/chat_controller.rb:45:in `delete_user'
E [2015-03-12 12:37:12.141] [[31mDispatcher[0m] /Users/vinsol/.rvm/gems/ruby-2.1.3/gems/websocket-rails-0.7.0/lib/websocket_rails/base_controller.rb:27:in `process_action'
E [2015-03-12 12:37:12.141] [[31mDispatcher[0m] /Users/vinsol/.rvm/gems/ruby-2.1.3@global/gems/actionpack-4.1.8/lib/abstract_controller/callbacks.rb:20:in `block in process_action'
E [2015-03-12 12:37:12.141] [[31mDispatcher[0m] /Users/vinsol/.rvm/gems/ruby-2.1.3@global/gems/activesupport-4.1.8/lib/active_support/callbacks.rb:82:in `run_callbacks'
E [2015-03-12 12:37:12.141] [[31mDispatcher[0m] /Users/vinsol/.rvm/gems/ruby-2.1.3@global/gems/actionpack-4.1.8/lib/abstract_controller/callbacks.rb:19:in `process_action'
E [2015-03-12 12:37:12.141] [[31mDispatcher[0m] /Users/vinsol/.rvm/gems/ruby-2.1.3/gems/websocket-rails-0.7.0/lib/websocket_rails/dispatcher.rb:65:in `block (3 levels) in route'
E [2015-03-12 12:37:12.141] [[31mDispatcher[0m] /Users/vinsol/.rvm/gems/ruby-2.1.3/gems/websocket-rails-0.7.0/lib/websocket_rails/logging.rb:66:in `call'
E [2015-03-12 12:37:12.141] [[31mDispatcher[0m] /Users/vinsol/.rvm/gems/ruby-2.1.3/gems/websocket-rails-0.7.0/lib/websocket_rails/logging.rb:66:in `log_event'
E [2015-03-12 12:37:12.141] [[31mDispatcher[0m] /Users/vinsol/.rvm/gems/ruby-2.1.3/gems/websocket-rails-0.7.0/lib/websocket_rails/dispatcher.rb:62:in `block (2 levels) in route'

I [2015-03-12 12:37:31.527] [[32mConnectionManager[0m] Connection opened: #<Connection::e3fe81bda2291a720b1e>
I [2015-03-12 12:37:31.529] [[32mDispatcher[0m] Started Event: client_connected
I [2015-03-12 12:37:31.529] [[32mDispatcher[0m] [36mName:[0m client_connected
I [2015-03-12 12:37:31.529] [[32mDispatcher[0m] [36mData:[0m {"connection_id"=>"e3fe81bda2291a720b1e"}
I [2015-03-12 12:37:31.529] [[32mDispatcher[0m] [36mConnection:[0m #<Connection::e3fe81bda2291a720b1e>
I [2015-03-12 12:37:31.530] [[32mDispatcher[0m] Event client_connected Finished in 0.000658 seconds
I [2015-03-12 12:37:31.532] [[32mDispatcher[0m] Started Event: new_user
I [2015-03-12 12:37:31.532] [[32mDispatcher[0m] [36mName:[0m new_user
I [2015-03-12 12:37:31.532] [[32mDispatcher[0m] [36mData:[0m {"user_name"=>"Guest_988"}
I [2015-03-12 12:37:31.532] [[32mDispatcher[0m] [36mConnection:[0m #<Connection::e3fe81bda2291a720b1e>
I [2015-03-12 12:37:31.534] [[32mDispatcher[0m] Event new_user Finished in 0.001443 seconds
I [2015-03-12 12:37:43.667] [[32mDispatcher[0m] Started Event: new_message
I [2015-03-12 12:37:43.667] [[32mDispatcher[0m] [36mName:[0m new_message
I [2015-03-12 12:37:43.667] [[32mDispatcher[0m] [36mData:[0m {"user_name"=>"Guest_988", "msg_body"=>"hey"}
I [2015-03-12 12:37:43.667] [[32mDispatcher[0m] [36mConnection:[0m #<Connection::e3fe81bda2291a720b1e>
I [2015-03-12 12:37:43.668] [[32mDispatcher[0m] Event new_message Finished in 0.000845 seconds
I [2015-03-12 12:37:51.290] [[32mDispatcher[0m] Started Event: new_message
I [2015-03-12 12:37:51.290] [[32mDispatcher[0m] [36mName:[0m new_message
I [2015-03-12 12:37:51.290] [[32mDispatcher[0m] [36mData:[0m {"user_name"=>"Guest_988", "msg_body"=>"hello"}
I [2015-03-12 12:37:51.290] [[32mDispatcher[0m] [36mConnection:[0m #<Connection::e3fe81bda2291a720b1e>
I [2015-03-12 12:37:51.291] [[32mDispatcher[0m] Event new_message Finished in 0.000882 seconds
I [2015-03-12 12:49:03.275] [[32mConnectionManager[0m] Connection closed: #<Connection::e3fe81bda2291a720b1e>
I [2015-03-12 12:49:03.275] [[32mDispatcher[0m] Started Event: client_disconnected
I [2015-03-12 12:49:03.275] [[32mDispatcher[0m] [36mName:[0m client_disconnected
I [2015-03-12 12:49:03.275] [[32mDispatcher[0m] [36mConnection:[0m #<Connection::e3fe81bda2291a720b1e>
E [2015-03-12 12:49:03.276] [[31mDispatcher[0m] ArgumentError: wrong number of arguments (1 for 2)
E [2015-03-12 12:49:03.276] [[31mDispatcher[0m] /Users/vinsol/Desktop/Files From Previous Laptop/projects/depo/app/controllers/chat_controller.rb:9:in `system_msg'
E [2015-03-12 12:49:03.276] [[31mDispatcher[0m] /Users/vinsol/Desktop/Files From Previous Laptop/projects/depo/app/controllers/chat_controller.rb:45:in `delete_user'
E [2015-03-12 12:49:03.276] [[31mDispatcher[0m] /Users/vinsol/.rvm/gems/ruby-2.1.3/gems/websocket-rails-0.7.0/lib/websocket_rails/base_controller.rb:27:in `process_action'
E [2015-03-12 12:49:03.276] [[31mDispatcher[0m] /Users/vinsol/.rvm/gems/ruby-2.1.3@global/gems/actionpack-4.1.8/lib/abstract_controller/callbacks.rb:20:in `block in process_action'
E [2015-03-12 12:49:03.276] [[31mDispatcher[0m] /Users/vinsol/.rvm/gems/ruby-2.1.3@global/gems/activesupport-4.1.8/lib/active_support/callbacks.rb:82:in `run_callbacks'
E [2015-03-12 12:49:03.276] [[31mDispatcher[0m] /Users/vinsol/.rvm/gems/ruby-2.1.3@global/gems/actionpack-4.1.8/lib/abstract_controller/callbacks.rb:19:in `process_action'
E [2015-03-12 12:49:03.276] [[31mDispatcher[0m] /Users/vinsol/.rvm/gems/ruby-2.1.3/gems/websocket-rails-0.7.0/lib/websocket_rails/dispatcher.rb:65:in `block (3 levels) in route'
E [2015-03-12 12:49:03.276] [[31mDispatcher[0m] /Users/vinsol/.rvm/gems/ruby-2.1.3/gems/websocket-rails-0.7.0/lib/websocket_rails/logging.rb:66:in `call'
E [2015-03-12 12:49:03.276] [[31mDispatcher[0m] /Users/vinsol/.rvm/gems/ruby-2.1.3/gems/websocket-rails-0.7.0/lib/websocket_rails/logging.rb:66:in `log_event'
E [2015-03-12 12:49:03.276] [[31mDispatcher[0m] /Users/vinsol/.rvm/gems/ruby-2.1.3/gems/websocket-rails-0.7.0/lib/websocket_rails/dispatcher.rb:62:in `block (2 levels) in route'

I [2015-03-12 12:49:05.358] [[32mConnectionManager[0m] Connection opened: #<Connection::00fb33a100fb00d6cac8>
I [2015-03-12 12:49:05.359] [[32mDispatcher[0m] Started Event: client_connected
I [2015-03-12 12:49:05.359] [[32mDispatcher[0m] [36mName:[0m client_connected
I [2015-03-12 12:49:05.359] [[32mDispatcher[0m] [36mData:[0m {"connection_id"=>"00fb33a100fb00d6cac8"}
I [2015-03-12 12:49:05.359] [[32mDispatcher[0m] [36mConnection:[0m #<Connection::00fb33a100fb00d6cac8>
I [2015-03-12 12:49:05.360] [[32mDispatcher[0m] Event client_connected Finished in 0.000561999999999999 seconds
I [2015-03-12 12:49:05.361] [[32mDispatcher[0m] Started Event: new_user
I [2015-03-12 12:49:05.361] [[32mDispatcher[0m] [36mName:[0m new_user
I [2015-03-12 12:49:05.361] [[32mDispatcher[0m] [36mData:[0m {"user_name"=>"Guest_824"}
I [2015-03-12 12:49:05.361] [[32mDispatcher[0m] [36mConnection:[0m #<Connection::00fb33a100fb00d6cac8>
I [2015-03-12 12:49:05.362] [[32mDispatcher[0m] Event new_user Finished in 0.000501 seconds
I [2015-03-12 12:55:38.641] [[32mDispatcher[0m] Started Event: new_message
I [2015-03-12 12:55:38.641] [[32mDispatcher[0m] [36mName:[0m new_message
I [2015-03-12 12:55:38.641] [[32mDispatcher[0m] [36mData:[0m {"user_name"=>"Guest_824", "msg_body"=>""}
I [2015-03-12 12:55:38.641] [[32mDispatcher[0m] [36mConnection:[0m #<Connection::00fb33a100fb00d6cac8>
I [2015-03-12 12:55:38.642] [[32mDispatcher[0m] Event new_message Finished in 0.000729 seconds
I [2015-03-12 12:55:39.651] [[32mDispatcher[0m] Started Event: new_message
I [2015-03-12 12:55:39.651] [[32mDispatcher[0m] [36mName:[0m new_message
I [2015-03-12 12:55:39.651] [[32mDispatcher[0m] [36mData:[0m {"user_name"=>"Guest_824", "msg_body"=>""}
I [2015-03-12 12:55:39.651] [[32mDispatcher[0m] [36mConnection:[0m #<Connection::00fb33a100fb00d6cac8>
I [2015-03-12 12:55:39.652] [[32mDispatcher[0m] Event new_message Finished in 0.00097 seconds
I [2015-03-12 12:55:40.529] [[32mDispatcher[0m] Started Event: new_message
I [2015-03-12 12:55:40.529] [[32mDispatcher[0m] [36mName:[0m new_message
I [2015-03-12 12:55:40.529] [[32mDispatcher[0m] [36mData:[0m {"user_name"=>"Guest_824", "msg_body"=>""}
I [2015-03-12 12:55:40.529] [[32mDispatcher[0m] [36mConnection:[0m #<Connection::00fb33a100fb00d6cac8>
I [2015-03-12 12:55:40.531] [[32mDispatcher[0m] Event new_message Finished in 0.001091 seconds
